2025-11-25T18:45:11.966+01:00  INFO 1819480 --- [main] c.h.a.c.CustomScannersServiceApplication : Starting CustomScannersServiceApplication v1.1.3 using Java 21.0.9 with PID 1819480 (/home/samtess/.vscode/extensions/hcltechnologies.hclappscancodesweep-1.5.1/lib/custom-scanners-service-1.1.3.jar started by samtess in /home/samtess/Epitech/Tek3/R-Type/R-Type)
2025-11-25T18:45:11.996+01:00  INFO 1819480 --- [main] c.h.a.c.CustomScannersServiceApplication : No active profile set, falling back to 1 default profile: "default"
2025-11-25T18:45:12.638+01:00  INFO 1819495 --- [main] c.h.a.c.CustomScannersServiceApplication : Starting CustomScannersServiceApplication v1.1.3 using Java 21.0.9 with PID 1819495 (/home/samtess/.vscode/extensions/hcltechnologies.hclappscancodesweep-1.5.1/lib/custom-scanners-service-1.1.3.jar started by samtess in /home/samtess/Epitech/Tek3/R-Type/R-Type)
2025-11-25T18:45:12.656+01:00  INFO 1819495 --- [main] c.h.a.c.CustomScannersServiceApplication : No active profile set, falling back to 1 default profile: "default"
2025-11-25T18:45:13.281+01:00  INFO 1819530 --- [main] c.h.a.c.CustomScannersServiceApplication : Starting CustomScannersServiceApplication v1.1.3 using Java 21.0.9 with PID 1819530 (/home/samtess/.vscode/extensions/hcltechnologies.hclappscancodesweep-1.5.1/lib/custom-scanners-service-1.1.3.jar started by samtess in /home/samtess/Epitech/Tek3/R-Type/R-Type)
2025-11-25T18:45:13.354+01:00  INFO 1819530 --- [main] c.h.a.c.CustomScannersServiceApplication : No active profile set, falling back to 1 default profile: "default"
2025-11-25T18:45:13.516+01:00  INFO 1819572 --- [main] c.h.a.c.CustomScannersServiceApplication : Starting CustomScannersServiceApplication v1.1.3 using Java 21.0.9 with PID 1819572 (/home/samtess/.vscode/extensions/hcltechnologies.hclappscancodesweep-1.5.1/lib/custom-scanners-service-1.1.3.jar started by samtess in /home/samtess/Epitech/Tek3/R-Type/R-Type)
2025-11-25T18:45:13.532+01:00  INFO 1819572 --- [main] c.h.a.c.CustomScannersServiceApplication : No active profile set, falling back to 1 default profile: "default"
2025-11-25T18:45:15.335+01:00  INFO 1819594 --- [main] c.h.a.c.CustomScannersServiceApplication : Starting CustomScannersServiceApplication v1.1.3 using Java 21.0.9 with PID 1819594 (/home/samtess/.vscode/extensions/hcltechnologies.hclappscancodesweep-1.5.1/lib/custom-scanners-service-1.1.3.jar started by samtess in /home/samtess/Epitech/Tek3/R-Type/R-Type)
2025-11-25T18:45:15.355+01:00  INFO 1819594 --- [main] c.h.a.c.CustomScannersServiceApplication : No active profile set, falling back to 1 default profile: "default"
2025-11-25T18:45:16.031+01:00  INFO 1819629 --- [main] c.h.a.c.CustomScannersServiceApplication : Starting CustomScannersServiceApplication v1.1.3 using Java 21.0.9 with PID 1819629 (/home/samtess/.vscode/extensions/hcltechnologies.hclappscancodesweep-1.5.1/lib/custom-scanners-service-1.1.3.jar started by samtess in /home/samtess/Epitech/Tek3/R-Type/R-Type)
2025-11-25T18:45:16.057+01:00  INFO 1819629 --- [main] c.h.a.c.CustomScannersServiceApplication : No active profile set, falling back to 1 default profile: "default"
2025-11-25T18:45:16.267+01:00  INFO 1819664 --- [main] c.h.a.c.CustomScannersServiceApplication : Starting CustomScannersServiceApplication v1.1.3 using Java 21.0.9 with PID 1819664 (/home/samtess/.vscode/extensions/hcltechnologies.hclappscancodesweep-1.5.1/lib/custom-scanners-service-1.1.3.jar started by samtess in /home/samtess/Epitech/Tek3/R-Type/R-Type)
2025-11-25T18:45:16.278+01:00  INFO 1819664 --- [main] c.h.a.c.CustomScannersServiceApplication : No active profile set, falling back to 1 default profile: "default"
2025-11-25T18:45:18.879+01:00  INFO 1819690 --- [main] c.h.a.c.CustomScannersServiceApplication : Starting CustomScannersServiceApplication v1.1.3 using Java 21.0.9 with PID 1819690 (/home/samtess/.vscode/extensions/hcltechnologies.hclappscancodesweep-1.5.1/lib/custom-scanners-service-1.1.3.jar started by samtess in /home/samtess/Epitech/Tek3/R-Type/R-Type)
2025-11-25T18:45:18.902+01:00  INFO 1819690 --- [main] c.h.a.c.CustomScannersServiceApplication : No active profile set, falling back to 1 default profile: "default"
2025-11-25T18:45:22.839+01:00  INFO 1819772 --- [main] c.h.a.c.CustomScannersServiceApplication : Starting CustomScannersServiceApplication v1.1.3 using Java 21.0.9 with PID 1819772 (/home/samtess/.vscode/extensions/hcltechnologies.hclappscancodesweep-1.5.1/lib/custom-scanners-service-1.1.3.jar started by samtess in /home/samtess/Epitech/Tek3/R-Type/R-Type)
2025-11-25T18:45:22.874+01:00  INFO 1819772 --- [main] c.h.a.c.CustomScannersServiceApplication : No active profile set, falling back to 1 default profile: "default"
2025-11-25T18:45:25.515+01:00  INFO 1819922 --- [main] c.h.a.c.CustomScannersServiceApplication : Starting CustomScannersServiceApplication v1.1.3 using Java 21.0.9 with PID 1819922 (/home/samtess/.vscode/extensions/hcltechnologies.hclappscancodesweep-1.5.1/lib/custom-scanners-service-1.1.3.jar started by samtess in /home/samtess/Epitech/Tek3/R-Type/R-Type)
2025-11-25T18:45:25.546+01:00  INFO 1819922 --- [main] c.h.a.c.CustomScannersServiceApplication : No active profile set, falling back to 1 default profile: "default"
2025-11-25T18:45:27.834+01:00  INFO 1819495 --- [main] o.s.b.w.embedded.tomcat.TomcatWebServer  : Tomcat initialized with port 9221 (http)
2025-11-25T18:45:27.847+01:00  INFO 1819480 --- [main] o.s.b.w.embedded.tomcat.TomcatWebServer  : Tomcat initialized with port 9221 (http)
2025-11-25T18:45:28.218+01:00  INFO 1819480 --- [main] o.apache.catalina.core.StandardService   : Starting service [Tomcat]
2025-11-25T18:45:28.218+01:00  INFO 1819480 --- [main] o.apache.catalina.core.StandardEngine    : Starting Servlet engine: [Apache Tomcat/10.1.46]
2025-11-25T18:45:28.224+01:00  INFO 1819495 --- [main] o.apache.catalina.core.StandardService   : Starting service [Tomcat]
2025-11-25T18:45:28.224+01:00  INFO 1819495 --- [main] o.apache.catalina.core.StandardEngine    : Starting Servlet engine: [Apache Tomcat/10.1.46]
2025-11-25T18:45:28.650+01:00  INFO 1819480 --- [main] o.a.c.c.C.[Tomcat].[localhost].[/]       : Initializing Spring embedded WebApplicationContext
2025-11-25T18:45:28.651+01:00  INFO 1819480 --- [main] w.s.c.ServletWebServerApplicationContext : Root WebApplicationContext: initialization completed in 15111 ms
2025-11-25T18:45:28.654+01:00  INFO 1819495 --- [main] o.a.c.c.C.[Tomcat].[localhost].[/]       : Initializing Spring embedded WebApplicationContext
2025-11-25T18:45:28.655+01:00  INFO 1819495 --- [main] w.s.c.ServletWebServerApplicationContext : Root WebApplicationContext: initialization completed in 14377 ms
2025-11-25T18:45:30.115+01:00  INFO 1820043 --- [main] c.h.a.c.CustomScannersServiceApplication : Starting CustomScannersServiceApplication v1.1.3 using Java 21.0.9 with PID 1820043 (/home/samtess/.vscode/extensions/hcltechnologies.hclappscancodesweep-1.5.1/lib/custom-scanners-service-1.1.3.jar started by samtess in /home/samtess/Epitech/Tek3/R-Type/R-Type)
2025-11-25T18:45:30.148+01:00  INFO 1820043 --- [main] c.h.a.c.CustomScannersServiceApplication : No active profile set, falling back to 1 default profile: "default"
2025-11-25T18:45:30.607+01:00  INFO 1819530 --- [main] o.s.b.w.embedded.tomcat.TomcatWebServer  : Tomcat initialized with port 9221 (http)
2025-11-25T18:45:30.689+01:00  INFO 1819530 --- [main] o.apache.catalina.core.StandardService   : Starting service [Tomcat]
2025-11-25T18:45:30.690+01:00  INFO 1819530 --- [main] o.apache.catalina.core.StandardEngine    : Starting Servlet engine: [Apache Tomcat/10.1.46]
2025-11-25T18:45:30.693+01:00 DEBUG 1819495 --- [main] o.s.b.w.s.ServletContextInitializerBeans : Mapping filters: webMvcObservationFilter urls=[/*] order=-2147483647, characterEncodingFilter urls=[/*] order=-2147483648, formContentFilter urls=[/*] order=-9900, requestContextFilter urls=[/*] order=-105
2025-11-25T18:45:30.697+01:00 DEBUG 1819495 --- [main] o.s.b.w.s.ServletContextInitializerBeans : Mapping servlets: dispatcherServlet urls=[/]
2025-11-25T18:45:30.778+01:00 DEBUG 1819480 --- [main] o.s.b.w.s.ServletContextInitializerBeans : Mapping filters: webMvcObservationFilter urls=[/*] order=-2147483647, characterEncodingFilter urls=[/*] order=-2147483648, formContentFilter urls=[/*] order=-9900, requestContextFilter urls=[/*] order=-105
2025-11-25T18:45:30.779+01:00 DEBUG 1819480 --- [main] o.s.b.w.s.ServletContextInitializerBeans : Mapping servlets: dispatcherServlet urls=[/]
2025-11-25T18:45:30.892+01:00 DEBUG 1819495 --- [main] o.s.w.f.ServerHttpObservationFilter      : Filter 'webMvcObservationFilter' configured for use
2025-11-25T18:45:30.941+01:00  INFO 1819572 --- [main] o.s.b.w.embedded.tomcat.TomcatWebServer  : Tomcat initialized with port 9221 (http)
2025-11-25T18:45:31.048+01:00  INFO 1819530 --- [main] o.a.c.c.C.[Tomcat].[localhost].[/]       : Initializing Spring embedded WebApplicationContext
2025-11-25T18:45:31.049+01:00  INFO 1819530 --- [main] w.s.c.ServletWebServerApplicationContext : Root WebApplicationContext: initialization completed in 15695 ms
2025-11-25T18:45:31.060+01:00  INFO 1819572 --- [main] o.apache.catalina.core.StandardService   : Starting service [Tomcat]
2025-11-25T18:45:31.061+01:00  INFO 1819572 --- [main] o.apache.catalina.core.StandardEngine    : Starting Servlet engine: [Apache Tomcat/10.1.46]
2025-11-25T18:45:31.092+01:00 DEBUG 1819480 --- [main] o.s.w.f.ServerHttpObservationFilter      : Filter 'webMvcObservationFilter' configured for use
2025-11-25T18:45:31.358+01:00  INFO 1819572 --- [main] o.a.c.c.C.[Tomcat].[localhost].[/]       : Initializing Spring embedded WebApplicationContext
2025-11-25T18:45:31.365+01:00  INFO 1819572 --- [main] w.s.c.ServletWebServerApplicationContext : Root WebApplicationContext: initialization completed in 16182 ms
2025-11-25T18:45:32.478+01:00  INFO 1819664 --- [main] o.s.b.w.embedded.tomcat.TomcatWebServer  : Tomcat initialized with port 9221 (http)
2025-11-25T18:45:32.514+01:00 DEBUG 1819530 --- [main] o.s.b.w.s.ServletContextInitializerBeans : Mapping filters: webMvcObservationFilter urls=[/*] order=-2147483647, characterEncodingFilter urls=[/*] order=-2147483648, formContentFilter urls=[/*] order=-9900, requestContextFilter urls=[/*] order=-105
2025-11-25T18:45:32.524+01:00 DEBUG 1819530 --- [main] o.s.b.w.s.ServletContextInitializerBeans : Mapping servlets: dispatcherServlet urls=[/]
2025-11-25T18:45:32.578+01:00 DEBUG 1819572 --- [main] o.s.b.w.s.ServletContextInitializerBeans : Mapping filters: webMvcObservationFilter urls=[/*] order=-2147483647, characterEncodingFilter urls=[/*] order=-2147483648, formContentFilter urls=[/*] order=-9900, requestContextFilter urls=[/*] order=-105
2025-11-25T18:45:32.588+01:00 DEBUG 1819572 --- [main] o.s.b.w.s.ServletContextInitializerBeans : Mapping servlets: dispatcherServlet urls=[/]
2025-11-25T18:45:32.596+01:00  INFO 1819664 --- [main] o.apache.catalina.core.StandardService   : Starting service [Tomcat]
2025-11-25T18:45:32.605+01:00  INFO 1819664 --- [main] o.apache.catalina.core.StandardEngine    : Starting Servlet engine: [Apache Tomcat/10.1.46]
2025-11-25T18:45:32.740+01:00  INFO 1819594 --- [main] o.s.b.w.embedded.tomcat.TomcatWebServer  : Tomcat initialized with port 9221 (http)
2025-11-25T18:45:32.828+01:00 DEBUG 1819530 --- [main] o.s.w.f.ServerHttpObservationFilter      : Filter 'webMvcObservationFilter' configured for use
2025-11-25T18:45:32.850+01:00 DEBUG 1819572 --- [main] o.s.w.f.ServerHttpObservationFilter      : Filter 'webMvcObservationFilter' configured for use
2025-11-25T18:45:32.974+01:00  INFO 1819594 --- [main] o.apache.catalina.core.StandardService   : Starting service [Tomcat]
2025-11-25T18:45:32.975+01:00  INFO 1819594 --- [main] o.apache.catalina.core.StandardEngine    : Starting Servlet engine: [Apache Tomcat/10.1.46]
2025-11-25T18:45:33.040+01:00  INFO 1819664 --- [main] o.a.c.c.C.[Tomcat].[localhost].[/]       : Initializing Spring embedded WebApplicationContext
2025-11-25T18:45:33.052+01:00  INFO 1819664 --- [main] w.s.c.ServletWebServerApplicationContext : Root WebApplicationContext: initialization completed in 14511 ms
2025-11-25T18:45:33.363+01:00  INFO 1819594 --- [main] o.a.c.c.C.[Tomcat].[localhost].[/]       : Initializing Spring embedded WebApplicationContext
2025-11-25T18:45:33.371+01:00  INFO 1819594 --- [main] w.s.c.ServletWebServerApplicationContext : Root WebApplicationContext: initialization completed in 15877 ms
2025-11-25T18:45:34.248+01:00  INFO 1819629 --- [main] o.s.b.w.embedded.tomcat.TomcatWebServer  : Tomcat initialized with port 9221 (http)
2025-11-25T18:45:34.352+01:00  INFO 1819629 --- [main] o.apache.catalina.core.StandardService   : Starting service [Tomcat]
2025-11-25T18:45:34.354+01:00  INFO 1819629 --- [main] o.apache.catalina.core.StandardEngine    : Starting Servlet engine: [Apache Tomcat/10.1.46]
2025-11-25T18:45:34.676+01:00  INFO 1819629 --- [main] o.a.c.c.C.[Tomcat].[localhost].[/]       : Initializing Spring embedded WebApplicationContext
2025-11-25T18:45:34.686+01:00  INFO 1819629 --- [main] w.s.c.ServletWebServerApplicationContext : Root WebApplicationContext: initialization completed in 16330 ms
2025-11-25T18:45:34.914+01:00 DEBUG 1819664 --- [main] o.s.b.w.s.ServletContextInitializerBeans : Mapping filters: webMvcObservationFilter urls=[/*] order=-2147483647, characterEncodingFilter urls=[/*] order=-2147483648, formContentFilter urls=[/*] order=-9900, requestContextFilter urls=[/*] order=-105
2025-11-25T18:45:34.919+01:00 DEBUG 1819664 --- [main] o.s.b.w.s.ServletContextInitializerBeans : Mapping servlets: dispatcherServlet urls=[/]
2025-11-25T18:45:35.110+01:00 DEBUG 1819594 --- [main] o.s.b.w.s.ServletContextInitializerBeans : Mapping filters: webMvcObservationFilter urls=[/*] order=-2147483647, characterEncodingFilter urls=[/*] order=-2147483648, formContentFilter urls=[/*] order=-9900, requestContextFilter urls=[/*] order=-105
2025-11-25T18:45:35.136+01:00 DEBUG 1819594 --- [main] o.s.b.w.s.ServletContextInitializerBeans : Mapping servlets: dispatcherServlet urls=[/]
2025-11-25T18:45:35.467+01:00 DEBUG 1819664 --- [main] o.s.w.f.ServerHttpObservationFilter      : Filter 'webMvcObservationFilter' configured for use
2025-11-25T18:45:35.522+01:00 DEBUG 1819594 --- [main] o.s.w.f.ServerHttpObservationFilter      : Filter 'webMvcObservationFilter' configured for use
2025-11-25T18:45:35.895+01:00 DEBUG 1819629 --- [main] o.s.b.w.s.ServletContextInitializerBeans : Mapping filters: webMvcObservationFilter urls=[/*] order=-2147483647, characterEncodingFilter urls=[/*] order=-2147483648, formContentFilter urls=[/*] order=-9900, requestContextFilter urls=[/*] order=-105
2025-11-25T18:45:35.897+01:00 DEBUG 1819629 --- [main] o.s.b.w.s.ServletContextInitializerBeans : Mapping servlets: dispatcherServlet urls=[/]
2025-11-25T18:45:35.924+01:00  INFO 1820146 --- [main] c.h.a.c.CustomScannersServiceApplication : Starting CustomScannersServiceApplication v1.1.3 using Java 21.0.9 with PID 1820146 (/home/samtess/.vscode/extensions/hcltechnologies.hclappscancodesweep-1.5.1/lib/custom-scanners-service-1.1.3.jar started by samtess in /home/samtess/Epitech/Tek3/R-Type/R-Type)
2025-11-25T18:45:35.961+01:00  INFO 1820146 --- [main] c.h.a.c.CustomScannersServiceApplication : No active profile set, falling back to 1 default profile: "default"
2025-11-25T18:45:36.094+01:00 DEBUG 1819629 --- [main] o.s.w.f.ServerHttpObservationFilter      : Filter 'webMvcObservationFilter' configured for use
2025-11-25T18:45:37.656+01:00  INFO 1819495 --- [main] o.s.v.b.OptionalValidatorFactoryBean     : Failed to set up a Bean Validation provider: jakarta.validation.NoProviderFoundException: Unable to create a Configuration, because no Jakarta Bean Validation provider could be found. Add a provider like Hibernate Validator (RI) to your classpath.
2025-11-25T18:45:38.166+01:00  INFO 1819480 --- [main] o.s.v.b.OptionalValidatorFactoryBean     : Failed to set up a Bean Validation provider: jakarta.validation.NoProviderFoundException: Unable to create a Configuration, because no Jakarta Bean Validation provider could be found. Add a provider like Hibernate Validator (RI) to your classpath.
2025-11-25T18:45:38.557+01:00 DEBUG 1819495 --- [main] s.w.s.m.m.a.RequestMappingHandlerMapping : 23 mappings in 'requestMappingHandlerMapping'
2025-11-25T18:45:38.658+01:00  INFO 1819690 --- [main] o.s.b.w.embedded.tomcat.TomcatWebServer  : Tomcat initialized with port 9221 (http)
2025-11-25T18:45:38.832+01:00  INFO 1819690 --- [main] o.apache.catalina.core.StandardService   : Starting service [Tomcat]
2025-11-25T18:45:38.833+01:00  INFO 1819690 --- [main] o.apache.catalina.core.StandardEngine    : Starting Servlet engine: [Apache Tomcat/10.1.46]
2025-11-25T18:45:39.059+01:00  INFO 1819690 --- [main] o.a.c.c.C.[Tomcat].[localhost].[/]       : Initializing Spring embedded WebApplicationContext
2025-11-25T18:45:39.060+01:00  INFO 1819690 --- [main] w.s.c.ServletWebServerApplicationContext : Root WebApplicationContext: initialization completed in 17297 ms
2025-11-25T18:45:39.364+01:00 DEBUG 1819480 --- [main] s.w.s.m.m.a.RequestMappingHandlerMapping : 23 mappings in 'requestMappingHandlerMapping'
2025-11-25T18:45:39.520+01:00 DEBUG 1819495 --- [main] o.s.w.s.handler.SimpleUrlHandlerMapping  : Patterns [/webjars/**, /**, /swagger-ui*/*swagger-initializer.js, /swagger-ui*/**] in 'resourceHandlerMapping'
2025-11-25T18:45:39.883+01:00 DEBUG 1819690 --- [main] o.s.b.w.s.ServletContextInitializerBeans : Mapping filters: webMvcObservationFilter urls=[/*] order=-2147483647, characterEncodingFilter urls=[/*] order=-2147483648, formContentFilter urls=[/*] order=-9900, requestContextFilter urls=[/*] order=-105
2025-11-25T18:45:39.887+01:00 DEBUG 1819690 --- [main] o.s.b.w.s.ServletContextInitializerBeans : Mapping servlets: dispatcherServlet urls=[/]
2025-11-25T18:45:40.080+01:00 DEBUG 1819690 --- [main] o.s.w.f.ServerHttpObservationFilter      : Filter 'webMvcObservationFilter' configured for use
2025-11-25T18:45:40.177+01:00 DEBUG 1819480 --- [main] o.s.w.s.handler.SimpleUrlHandlerMapping  : Patterns [/webjars/**, /**, /swagger-ui*/*swagger-initializer.js, /swagger-ui*/**] in 'resourceHandlerMapping'
2025-11-25T18:45:40.311+01:00 DEBUG 1819495 --- [main] s.w.s.m.m.a.RequestMappingHandlerAdapter : ControllerAdvice beans: 0 @ModelAttribute, 0 @InitBinder, 1 RequestBodyAdvice, 1 ResponseBodyAdvice
2025-11-25T18:45:40.656+01:00 DEBUG 1819480 --- [main] s.w.s.m.m.a.RequestMappingHandlerAdapter : ControllerAdvice beans: 0 @ModelAttribute, 0 @InitBinder, 1 RequestBodyAdvice, 1 ResponseBodyAdvice
2025-11-25T18:45:40.777+01:00 DEBUG 1819495 --- [main] .m.m.a.ExceptionHandlerExceptionResolver : ControllerAdvice beans: 2 @ExceptionHandler, 1 ResponseBodyAdvice
2025-11-25T18:45:40.941+01:00  INFO 1819594 --- [main] o.s.v.b.OptionalValidatorFactoryBean     : Failed to set up a Bean Validation provider: jakarta.validation.NoProviderFoundException: Unable to create a Configuration, because no Jakarta Bean Validation provider could be found. Add a provider like Hibernate Validator (RI) to your classpath.
2025-11-25T18:45:41.043+01:00  INFO 1819572 --- [main] o.s.v.b.OptionalValidatorFactoryBean     : Failed to set up a Bean Validation provider: jakarta.validation.NoProviderFoundException: Unable to create a Configuration, because no Jakarta Bean Validation provider could be found. Add a provider like Hibernate Validator (RI) to your classpath.
2025-11-25T18:45:41.082+01:00 DEBUG 1819480 --- [main] .m.m.a.ExceptionHandlerExceptionResolver : ControllerAdvice beans: 2 @ExceptionHandler, 1 ResponseBodyAdvice
2025-11-25T18:45:41.676+01:00 DEBUG 1819594 --- [main] s.w.s.m.m.a.RequestMappingHandlerMapping : 23 mappings in 'requestMappingHandlerMapping'
2025-11-25T18:45:41.924+01:00  INFO 1819530 --- [main] o.s.v.b.OptionalValidatorFactoryBean     : Failed to set up a Bean Validation provider: jakarta.validation.NoProviderFoundException: Unable to create a Configuration, because no Jakarta Bean Validation provider could be found. Add a provider like Hibernate Validator (RI) to your classpath.
2025-11-25T18:45:41.997+01:00 DEBUG 1819572 --- [main] s.w.s.m.m.a.RequestMappingHandlerMapping : 23 mappings in 'requestMappingHandlerMapping'
2025-11-25T18:45:42.317+01:00 DEBUG 1819530 --- [main] s.w.s.m.m.a.RequestMappingHandlerMapping : 23 mappings in 'requestMappingHandlerMapping'
2025-11-25T18:45:42.444+01:00 DEBUG 1819594 --- [main] o.s.w.s.handler.SimpleUrlHandlerMapping  : Patterns [/webjars/**, /**, /swagger-ui*/*swagger-initializer.js, /swagger-ui*/**] in 'resourceHandlerMapping'
2025-11-25T18:45:42.757+01:00  INFO 1819772 --- [main] o.s.b.w.embedded.tomcat.TomcatWebServer  : Tomcat initialized with port 9221 (http)
2025-11-25T18:45:42.782+01:00 DEBUG 1819594 --- [main] s.w.s.m.m.a.RequestMappingHandlerAdapter : ControllerAdvice beans: 0 @ModelAttribute, 0 @InitBinder, 1 RequestBodyAdvice, 1 ResponseBodyAdvice
2025-11-25T18:45:42.783+01:00 DEBUG 1819572 --- [main] o.s.w.s.handler.SimpleUrlHandlerMapping  : Patterns [/webjars/**, /**, /swagger-ui*/*swagger-initializer.js, /swagger-ui*/**] in 'resourceHandlerMapping'
2025-11-25T18:45:42.968+01:00  INFO 1819772 --- [main] o.apache.catalina.core.StandardService   : Starting service [Tomcat]
2025-11-25T18:45:42.970+01:00  INFO 1819772 --- [main] o.apache.catalina.core.StandardEngine    : Starting Servlet engine: [Apache Tomcat/10.1.46]
2025-11-25T18:45:43.042+01:00 DEBUG 1819530 --- [main] o.s.w.s.handler.SimpleUrlHandlerMapping  : Patterns [/webjars/**, /**, /swagger-ui*/*swagger-initializer.js, /swagger-ui*/**] in 'resourceHandlerMapping'
2025-11-25T18:45:43.195+01:00 DEBUG 1819572 --- [main] s.w.s.m.m.a.RequestMappingHandlerAdapter : ControllerAdvice beans: 0 @ModelAttribute, 0 @InitBinder, 1 RequestBodyAdvice, 1 ResponseBodyAdvice
2025-11-25T18:45:43.299+01:00 DEBUG 1819594 --- [main] .m.m.a.ExceptionHandlerExceptionResolver : ControllerAdvice beans: 2 @ExceptionHandler, 1 ResponseBodyAdvice
2025-11-25T18:45:43.351+01:00 DEBUG 1819530 --- [main] s.w.s.m.m.a.RequestMappingHandlerAdapter : ControllerAdvice beans: 0 @ModelAttribute, 0 @InitBinder, 1 RequestBodyAdvice, 1 ResponseBodyAdvice
2025-11-25T18:45:43.555+01:00  INFO 1819772 --- [main] o.a.c.c.C.[Tomcat].[localhost].[/]       : Initializing Spring embedded WebApplicationContext
2025-11-25T18:45:43.556+01:00  INFO 1819772 --- [main] w.s.c.ServletWebServerApplicationContext : Root WebApplicationContext: initialization completed in 18301 ms
2025-11-25T18:45:43.620+01:00 DEBUG 1819530 --- [main] .m.m.a.ExceptionHandlerExceptionResolver : ControllerAdvice beans: 2 @ExceptionHandler, 1 ResponseBodyAdvice
2025-11-25T18:45:43.678+01:00 DEBUG 1819572 --- [main] .m.m.a.ExceptionHandlerExceptionResolver : ControllerAdvice beans: 2 @ExceptionHandler, 1 ResponseBodyAdvice
2025-11-25T18:45:43.895+01:00  INFO 1819664 --- [main] o.s.v.b.OptionalValidatorFactoryBean     : Failed to set up a Bean Validation provider: jakarta.validation.NoProviderFoundException: Unable to create a Configuration, because no Jakarta Bean Validation provider could be found. Add a provider like Hibernate Validator (RI) to your classpath.
2025-11-25T18:45:43.948+01:00  INFO 1819495 --- [main] o.s.b.a.e.web.EndpointLinksResolver      : Exposing 1 endpoint beneath base path '/actuator'
2025-11-25T18:45:43.978+01:00  INFO 1819629 --- [main] o.s.v.b.OptionalValidatorFactoryBean     : Failed to set up a Bean Validation provider: jakarta.validation.NoProviderFoundException: Unable to create a Configuration, because no Jakarta Bean Validation provider could be found. Add a provider like Hibernate Validator (RI) to your classpath.
2025-11-25T18:45:44.014+01:00  INFO 1819480 --- [main] o.s.b.a.e.web.EndpointLinksResolver      : Exposing 1 endpoint beneath base path '/actuator'
2025-11-25T18:45:44.642+01:00 DEBUG 1819772 --- [main] o.s.b.w.s.ServletContextInitializerBeans : Mapping filters: webMvcObservationFilter urls=[/*] order=-2147483647, characterEncodingFilter urls=[/*] order=-2147483648, formContentFilter urls=[/*] order=-9900, requestContextFilter urls=[/*] order=-105
2025-11-25T18:45:44.645+01:00 DEBUG 1819772 --- [main] o.s.b.w.s.ServletContextInitializerBeans : Mapping servlets: dispatcherServlet urls=[/]
2025-11-25T18:45:44.714+01:00  WARN 1819495 --- [main] ConfigServletWebServerApplicationContext : Exception encountered during context initialization - cancelling refresh attempt: org.springframework.context.ApplicationContextException: Failed to start bean 'webServerStartStop'
2025-11-25T18:45:44.714+01:00  INFO 1819480 --- [main] o.s.b.w.embedded.tomcat.TomcatWebServer  : Tomcat started on port 9221 (http) with context path '/'
2025-11-25T18:45:44.807+01:00  INFO 1819480 --- [main] c.h.a.c.CustomScannersServiceApplication : Started CustomScannersServiceApplication in 36.275 seconds (process running for 37.434)
2025-11-25T18:45:44.845+01:00 DEBUG 1819772 --- [main] o.s.w.f.ServerHttpObservationFilter      : Filter 'webMvcObservationFilter' configured for use
2025-11-25T18:45:44.944+01:00 DEBUG 1819664 --- [main] s.w.s.m.m.a.RequestMappingHandlerMapping : 23 mappings in 'requestMappingHandlerMapping'
2025-11-25T18:45:45.037+01:00  INFO 1819495 --- [main] .s.b.a.l.ConditionEvaluationReportLogger : 

Error starting ApplicationContext. To display the condition evaluation report re-run your application with 'debug' enabled.
2025-11-25T18:45:45.090+01:00  INFO 1819922 --- [main] o.s.b.w.embedded.tomcat.TomcatWebServer  : Tomcat initialized with port 9221 (http)
2025-11-25T18:45:45.083+01:00 DEBUG 1819629 --- [main] s.w.s.m.m.a.RequestMappingHandlerMapping : 23 mappings in 'requestMappingHandlerMapping'
2025-11-25T18:45:45.300+01:00 ERROR 1819495 --- [main] o.s.b.d.LoggingFailureAnalysisReporter   : 

***************************
APPLICATION FAILED TO START
***************************

Description:

Web server failed to start. Port 9221 was already in use.

Action:

Identify and stop the process that's listening on port 9221 or configure this application to listen on another port.

2025-11-25T18:45:45.304+01:00  INFO 1819922 --- [main] o.apache.catalina.core.StandardService   : Starting service [Tomcat]
2025-11-25T18:45:45.320+01:00  INFO 1819922 --- [main] o.apache.catalina.core.StandardEngine    : Starting Servlet engine: [Apache Tomcat/10.1.46]
2025-11-25T18:45:45.705+01:00  INFO 1819922 --- [main] o.a.c.c.C.[Tomcat].[localhost].[/]       : Initializing Spring embedded WebApplicationContext
2025-11-25T18:45:45.712+01:00  INFO 1819922 --- [main] w.s.c.ServletWebServerApplicationContext : Root WebApplicationContext: initialization completed in 17768 ms
2025-11-25T18:45:45.886+01:00 DEBUG 1819629 --- [main] o.s.w.s.handler.SimpleUrlHandlerMapping  : Patterns [/webjars/**, /**, /swagger-ui*/*swagger-initializer.js, /swagger-ui*/**] in 'resourceHandlerMapping'
2025-11-25T18:45:45.979+01:00 DEBUG 1819664 --- [main] o.s.w.s.handler.SimpleUrlHandlerMapping  : Patterns [/webjars/**, /**, /swagger-ui*/*swagger-initializer.js, /swagger-ui*/**] in 'resourceHandlerMapping'
2025-11-25T18:45:46.059+01:00  INFO 1819572 --- [main] o.s.b.a.e.web.EndpointLinksResolver      : Exposing 1 endpoint beneath base path '/actuator'
2025-11-25T18:45:46.232+01:00  INFO 1819594 --- [main] o.s.b.a.e.web.EndpointLinksResolver      : Exposing 1 endpoint beneath base path '/actuator'
2025-11-25T18:45:46.296+01:00 DEBUG 1819629 --- [main] s.w.s.m.m.a.RequestMappingHandlerAdapter : ControllerAdvice beans: 0 @ModelAttribute, 0 @InitBinder, 1 RequestBodyAdvice, 1 ResponseBodyAdvice
2025-11-25T18:45:46.397+01:00 DEBUG 1819664 --- [main] s.w.s.m.m.a.RequestMappingHandlerAdapter : ControllerAdvice beans: 0 @ModelAttribute, 0 @InitBinder, 1 RequestBodyAdvice, 1 ResponseBodyAdvice
2025-11-25T18:45:46.706+01:00  INFO 1819530 --- [main] o.s.b.a.e.web.EndpointLinksResolver      : Exposing 1 endpoint beneath base path '/actuator'
2025-11-25T18:45:46.772+01:00  WARN 1819572 --- [main] ConfigServletWebServerApplicationContext : Exception encountered during context initialization - cancelling refresh attempt: org.springframework.context.ApplicationContextException: Failed to start bean 'webServerStartStop'
2025-11-25T18:45:46.839+01:00 DEBUG 1819629 --- [main] .m.m.a.ExceptionHandlerExceptionResolver : ControllerAdvice beans: 2 @ExceptionHandler, 1 ResponseBodyAdvice
2025-11-25T18:45:47.018+01:00 DEBUG 1819664 --- [main] .m.m.a.ExceptionHandlerExceptionResolver : ControllerAdvice beans: 2 @ExceptionHandler, 1 ResponseBodyAdvice
2025-11-25T18:45:47.057+01:00  INFO 1819572 --- [main] .s.b.a.l.ConditionEvaluationReportLogger : 

Error starting ApplicationContext. To display the condition evaluation report re-run your application with 'debug' enabled.
2025-11-25T18:45:47.132+01:00  WARN 1819594 --- [main] ConfigServletWebServerApplicationContext : Exception encountered during context initialization - cancelling refresh attempt: org.springframework.context.ApplicationContextException: Failed to start bean 'webServerStartStop'
2025-11-25T18:45:47.304+01:00 ERROR 1819572 --- [main] o.s.b.d.LoggingFailureAnalysisReporter   : 

***************************
APPLICATION FAILED TO START
***************************

Description:

Web server failed to start. Port 9221 was already in use.

Action:

Identify and stop the process that's listening on port 9221 or configure this application to listen on another port.

2025-11-25T18:45:47.388+01:00  WARN 1819530 --- [main] ConfigServletWebServerApplicationContext : Exception encountered during context initialization - cancelling refresh attempt: org.springframework.context.ApplicationContextException: Failed to start bean 'webServerStartStop'
2025-11-25T18:45:47.488+01:00  INFO 1819594 --- [main] .s.b.a.l.ConditionEvaluationReportLogger : 

Error starting ApplicationContext. To display the condition evaluation report re-run your application with 'debug' enabled.
2025-11-25T18:45:47.561+01:00 DEBUG 1819922 --- [main] o.s.b.w.s.ServletContextInitializerBeans : Mapping filters: webMvcObservationFilter urls=[/*] order=-2147483647, characterEncodingFilter urls=[/*] order=-2147483648, formContentFilter urls=[/*] order=-9900, requestContextFilter urls=[/*] order=-105
2025-11-25T18:45:47.573+01:00 DEBUG 1819922 --- [main] o.s.b.w.s.ServletContextInitializerBeans : Mapping servlets: dispatcherServlet urls=[/]
2025-11-25T18:45:47.674+01:00  INFO 1819530 --- [main] .s.b.a.l.ConditionEvaluationReportLogger : 

Error starting ApplicationContext. To display the condition evaluation report re-run your application with 'debug' enabled.
2025-11-25T18:45:47.694+01:00 ERROR 1819594 --- [main] o.s.b.d.LoggingFailureAnalysisReporter   : 

***************************
APPLICATION FAILED TO START
***************************

Description:

Web server failed to start. Port 9221 was already in use.

Action:

Identify and stop the process that's listening on port 9221 or configure this application to listen on another port.

2025-11-25T18:45:47.917+01:00 ERROR 1819530 --- [main] o.s.b.d.LoggingFailureAnalysisReporter   : 

***************************
APPLICATION FAILED TO START
***************************

Description:

Web server failed to start. Port 9221 was already in use.

Action:

Identify and stop the process that's listening on port 9221 or configure this application to listen on another port.

2025-11-25T18:45:48.048+01:00  INFO 1819690 --- [main] o.s.v.b.OptionalValidatorFactoryBean     : Failed to set up a Bean Validation provider: jakarta.validation.NoProviderFoundException: Unable to create a Configuration, because no Jakarta Bean Validation provider could be found. Add a provider like Hibernate Validator (RI) to your classpath.
2025-11-25T18:45:48.113+01:00 DEBUG 1819922 --- [main] o.s.w.f.ServerHttpObservationFilter      : Filter 'webMvcObservationFilter' configured for use
2025-11-25T18:45:49.136+01:00 DEBUG 1819690 --- [main] s.w.s.m.m.a.RequestMappingHandlerMapping : 23 mappings in 'requestMappingHandlerMapping'
2025-11-25T18:45:49.355+01:00  INFO 1819629 --- [main] o.s.b.a.e.web.EndpointLinksResolver      : Exposing 1 endpoint beneath base path '/actuator'
2025-11-25T18:45:49.520+01:00  INFO 1820043 --- [main] o.s.b.w.embedded.tomcat.TomcatWebServer  : Tomcat initialized with port 9221 (http)
2025-11-25T18:45:49.626+01:00  WARN 1819629 --- [main] ConfigServletWebServerApplicationContext : Exception encountered during context initialization - cancelling refresh attempt: org.springframework.context.ApplicationContextException: Failed to start bean 'webServerStartStop'
2025-11-25T18:45:49.754+01:00  INFO 1820043 --- [main] o.apache.catalina.core.StandardService   : Starting service [Tomcat]
2025-11-25T18:45:49.755+01:00  INFO 1820043 --- [main] o.apache.catalina.core.StandardEngine    : Starting Servlet engine: [Apache Tomcat/10.1.46]
2025-11-25T18:45:49.814+01:00  INFO 1819629 --- [main] .s.b.a.l.ConditionEvaluationReportLogger : 

Error starting ApplicationContext. To display the condition evaluation report re-run your application with 'debug' enabled.
2025-11-25T18:45:49.858+01:00 ERROR 1819629 --- [main] o.s.b.d.LoggingFailureAnalysisReporter   : 

***************************
APPLICATION FAILED TO START
***************************

Description:

Web server failed to start. Port 9221 was already in use.

Action:

Identify and stop the process that's listening on port 9221 or configure this application to listen on another port.

2025-11-25T18:45:50.159+01:00 DEBUG 1819690 --- [main] o.s.w.s.handler.SimpleUrlHandlerMapping  : Patterns [/webjars/**, /**, /swagger-ui*/*swagger-initializer.js, /swagger-ui*/**] in 'resourceHandlerMapping'
2025-11-25T18:45:50.161+01:00  INFO 1819530 --- [Thread-0] c.h.a.s.s.services.ArticleResource       : Completed reading English articles
2025-11-25T18:45:50.375+01:00  INFO 1820043 --- [main] o.a.c.c.C.[Tomcat].[localhost].[/]       : Initializing Spring embedded WebApplicationContext
2025-11-25T18:45:50.376+01:00  INFO 1820043 --- [main] w.s.c.ServletWebServerApplicationContext : Root WebApplicationContext: initialization completed in 17697 ms
2025-11-25T18:45:50.373+01:00  INFO 1819572 --- [Thread-0] c.h.a.s.s.services.ArticleResource       : Completed reading English articles
2025-11-25T18:45:50.463+01:00  INFO 1819664 --- [main] o.s.b.a.e.web.EndpointLinksResolver      : Exposing 1 endpoint beneath base path '/actuator'
2025-11-25T18:45:50.584+01:00 DEBUG 1819690 --- [main] s.w.s.m.m.a.RequestMappingHandlerAdapter : ControllerAdvice beans: 0 @ModelAttribute, 0 @InitBinder, 1 RequestBodyAdvice, 1 ResponseBodyAdvice
2025-11-25T18:45:51.083+01:00  WARN 1819664 --- [main] ConfigServletWebServerApplicationContext : Exception encountered during context initialization - cancelling refresh attempt: org.springframework.context.ApplicationContextException: Failed to start bean 'webServerStartStop'
2025-11-25T18:45:51.097+01:00 DEBUG 1819690 --- [main] .m.m.a.ExceptionHandlerExceptionResolver : ControllerAdvice beans: 2 @ExceptionHandler, 1 ResponseBodyAdvice
2025-11-25T18:45:51.335+01:00  INFO 1819664 --- [main] .s.b.a.l.ConditionEvaluationReportLogger : 

Error starting ApplicationContext. To display the condition evaluation report re-run your application with 'debug' enabled.
2025-11-25T18:45:51.542+01:00 ERROR 1819664 --- [main] o.s.b.d.LoggingFailureAnalysisReporter   : 

***************************
APPLICATION FAILED TO START
***************************

Description:

Web server failed to start. Port 9221 was already in use.

Action:

Identify and stop the process that's listening on port 9221 or configure this application to listen on another port.

2025-11-25T18:45:51.635+01:00  INFO 1819772 --- [main] o.s.v.b.OptionalValidatorFactoryBean     : Failed to set up a Bean Validation provider: jakarta.validation.NoProviderFoundException: Unable to create a Configuration, because no Jakarta Bean Validation provider could be found. Add a provider like Hibernate Validator (RI) to your classpath.
2025-11-25T18:45:51.843+01:00 DEBUG 1820043 --- [main] o.s.b.w.s.ServletContextInitializerBeans : Mapping filters: webMvcObservationFilter urls=[/*] order=-2147483647, characterEncodingFilter urls=[/*] order=-2147483648, formContentFilter urls=[/*] order=-9900, requestContextFilter urls=[/*] order=-105
2025-11-25T18:45:51.865+01:00 DEBUG 1820043 --- [main] o.s.b.w.s.ServletContextInitializerBeans : Mapping servlets: dispatcherServlet urls=[/]
2025-11-25T18:45:52.252+01:00 DEBUG 1820043 --- [main] o.s.w.f.ServerHttpObservationFilter      : Filter 'webMvcObservationFilter' configured for use
2025-11-25T18:45:52.550+01:00 DEBUG 1819772 --- [main] s.w.s.m.m.a.RequestMappingHandlerMapping : 23 mappings in 'requestMappingHandlerMapping'
2025-11-25T18:45:53.308+01:00 DEBUG 1819772 --- [main] o.s.w.s.handler.SimpleUrlHandlerMapping  : Patterns [/webjars/**, /**, /swagger-ui*/*swagger-initializer.js, /swagger-ui*/**] in 'resourceHandlerMapping'
2025-11-25T18:45:53.377+01:00  INFO 1819594 --- [Thread-0] c.h.a.s.s.services.ArticleResource       : Completed reading English articles
2025-11-25T18:45:53.425+01:00  INFO 1820146 --- [main] o.s.b.w.embedded.tomcat.TomcatWebServer  : Tomcat initialized with port 9221 (http)
2025-11-25T18:45:53.543+01:00  INFO 1820146 --- [main] o.apache.catalina.core.StandardService   : Starting service [Tomcat]
2025-11-25T18:45:53.553+01:00  INFO 1820146 --- [main] o.apache.catalina.core.StandardEngine    : Starting Servlet engine: [Apache Tomcat/10.1.46]
2025-11-25T18:45:53.656+01:00 DEBUG 1819772 --- [main] s.w.s.m.m.a.RequestMappingHandlerAdapter : ControllerAdvice beans: 0 @ModelAttribute, 0 @InitBinder, 1 RequestBodyAdvice, 1 ResponseBodyAdvice
2025-11-25T18:45:53.803+01:00  INFO 1819690 --- [main] o.s.b.a.e.web.EndpointLinksResolver      : Exposing 1 endpoint beneath base path '/actuator'
2025-11-25T18:45:53.930+01:00  INFO 1820146 --- [main] o.a.c.c.C.[Tomcat].[localhost].[/]       : Initializing Spring embedded WebApplicationContext
2025-11-25T18:45:53.931+01:00  INFO 1820146 --- [main] w.s.c.ServletWebServerApplicationContext : Root WebApplicationContext: initialization completed in 14592 ms
2025-11-25T18:45:54.068+01:00 DEBUG 1819772 --- [main] .m.m.a.ExceptionHandlerExceptionResolver : ControllerAdvice beans: 2 @ExceptionHandler, 1 ResponseBodyAdvice
2025-11-25T18:45:54.238+01:00  INFO 1819480 --- [Thread-0] c.h.a.s.s.services.ArticleResource       : Completed reading English articles
2025-11-25T18:45:54.389+01:00  WARN 1819690 --- [main] ConfigServletWebServerApplicationContext : Exception encountered during context initialization - cancelling refresh attempt: org.springframework.context.ApplicationContextException: Failed to start bean 'webServerStartStop'
2025-11-25T18:45:54.577+01:00  INFO 1819690 --- [main] .s.b.a.l.ConditionEvaluationReportLogger : 

Error starting ApplicationContext. To display the condition evaluation report re-run your application with 'debug' enabled.
2025-11-25T18:45:54.583+01:00  INFO 1819922 --- [main] o.s.v.b.OptionalValidatorFactoryBean     : Failed to set up a Bean Validation provider: jakarta.validation.NoProviderFoundException: Unable to create a Configuration, because no Jakarta Bean Validation provider could be found. Add a provider like Hibernate Validator (RI) to your classpath.
2025-11-25T18:45:54.782+01:00 ERROR 1819690 --- [main] o.s.b.d.LoggingFailureAnalysisReporter   : 

***************************
APPLICATION FAILED TO START
***************************

Description:

Web server failed to start. Port 9221 was already in use.

Action:

Identify and stop the process that's listening on port 9221 or configure this application to listen on another port.

2025-11-25T18:45:55.066+01:00 DEBUG 1820146 --- [main] o.s.b.w.s.ServletContextInitializerBeans : Mapping filters: webMvcObservationFilter urls=[/*] order=-2147483647, characterEncodingFilter urls=[/*] order=-2147483648, formContentFilter urls=[/*] order=-9900, requestContextFilter urls=[/*] order=-105
2025-11-25T18:45:55.075+01:00 DEBUG 1820146 --- [main] o.s.b.w.s.ServletContextInitializerBeans : Mapping servlets: dispatcherServlet urls=[/]
2025-11-25T18:45:55.262+01:00 DEBUG 1820146 --- [main] o.s.w.f.ServerHttpObservationFilter      : Filter 'webMvcObservationFilter' configured for use
2025-11-25T18:45:55.291+01:00 DEBUG 1819922 --- [main] s.w.s.m.m.a.RequestMappingHandlerMapping : 23 mappings in 'requestMappingHandlerMapping'
2025-11-25T18:45:55.812+01:00 DEBUG 1819922 --- [main] o.s.w.s.handler.SimpleUrlHandlerMapping  : Patterns [/webjars/**, /**, /swagger-ui*/*swagger-initializer.js, /swagger-ui*/**] in 'resourceHandlerMapping'
2025-11-25T18:45:56.027+01:00 DEBUG 1819922 --- [main] s.w.s.m.m.a.RequestMappingHandlerAdapter : ControllerAdvice beans: 0 @ModelAttribute, 0 @InitBinder, 1 RequestBodyAdvice, 1 ResponseBodyAdvice
2025-11-25T18:45:56.043+01:00  INFO 1819629 --- [Thread-0] c.h.a.s.s.services.ArticleResource       : Completed reading English articles
2025-11-25T18:45:56.217+01:00  INFO 1819772 --- [main] o.s.b.a.e.web.EndpointLinksResolver      : Exposing 1 endpoint beneath base path '/actuator'
2025-11-25T18:45:56.234+01:00  INFO 1819495 --- [Thread-0] c.h.a.s.s.services.ArticleResource       : Completed reading English articles
2025-11-25T18:45:56.292+01:00 DEBUG 1819922 --- [main] .m.m.a.ExceptionHandlerExceptionResolver : ControllerAdvice beans: 2 @ExceptionHandler, 1 ResponseBodyAdvice
2025-11-25T18:45:56.477+01:00  INFO 1819690 --- [Thread-0] c.h.a.s.s.services.ArticleResource       : Completed reading English articles
2025-11-25T18:45:56.528+01:00  WARN 1819772 --- [main] ConfigServletWebServerApplicationContext : Exception encountered during context initialization - cancelling refresh attempt: org.springframework.context.ApplicationContextException: Failed to start bean 'webServerStartStop'
2025-11-25T18:45:56.623+01:00  INFO 1819664 --- [Thread-0] c.h.a.s.s.services.ArticleResource       : Completed reading English articles
2025-11-25T18:45:56.656+01:00  INFO 1819772 --- [main] .s.b.a.l.ConditionEvaluationReportLogger : 

Error starting ApplicationContext. To display the condition evaluation report re-run your application with 'debug' enabled.
2025-11-25T18:45:56.792+01:00 ERROR 1819772 --- [main] o.s.b.d.LoggingFailureAnalysisReporter   : 

***************************
APPLICATION FAILED TO START
***************************

Description:

Web server failed to start. Port 9221 was already in use.

Action:

Identify and stop the process that's listening on port 9221 or configure this application to listen on another port.

2025-11-25T18:45:57.247+01:00  INFO 1820043 --- [main] o.s.v.b.OptionalValidatorFactoryBean     : Failed to set up a Bean Validation provider: jakarta.validation.NoProviderFoundException: Unable to create a Configuration, because no Jakarta Bean Validation provider could be found. Add a provider like Hibernate Validator (RI) to your classpath.
2025-11-25T18:45:57.377+01:00  INFO 1819772 --- [Thread-0] c.h.a.s.s.services.ArticleResource       : Completed reading English articles
2025-11-25T18:45:57.550+01:00 DEBUG 1820043 --- [main] s.w.s.m.m.a.RequestMappingHandlerMapping : 23 mappings in 'requestMappingHandlerMapping'
2025-11-25T18:45:57.691+01:00 DEBUG 1820043 --- [main] o.s.w.s.handler.SimpleUrlHandlerMapping  : Patterns [/webjars/**, /**, /swagger-ui*/*swagger-initializer.js, /swagger-ui*/**] in 'resourceHandlerMapping'
2025-11-25T18:45:57.709+01:00  INFO 1819922 --- [main] o.s.b.a.e.web.EndpointLinksResolver      : Exposing 1 endpoint beneath base path '/actuator'
2025-11-25T18:45:57.776+01:00 DEBUG 1820043 --- [main] s.w.s.m.m.a.RequestMappingHandlerAdapter : ControllerAdvice beans: 0 @ModelAttribute, 0 @InitBinder, 1 RequestBodyAdvice, 1 ResponseBodyAdvice
2025-11-25T18:45:57.899+01:00  WARN 1819922 --- [main] ConfigServletWebServerApplicationContext : Exception encountered during context initialization - cancelling refresh attempt: org.springframework.context.ApplicationContextException: Failed to start bean 'webServerStartStop'
2025-11-25T18:45:57.905+01:00 DEBUG 1820043 --- [main] .m.m.a.ExceptionHandlerExceptionResolver : ControllerAdvice beans: 2 @ExceptionHandler, 1 ResponseBodyAdvice
2025-11-25T18:45:57.979+01:00  INFO 1819922 --- [main] .s.b.a.l.ConditionEvaluationReportLogger : 

Error starting ApplicationContext. To display the condition evaluation report re-run your application with 'debug' enabled.
2025-11-25T18:45:58.018+01:00 ERROR 1819922 --- [main] o.s.b.d.LoggingFailureAnalysisReporter   : 

***************************
APPLICATION FAILED TO START
***************************

Description:

Web server failed to start. Port 9221 was already in use.

Action:

Identify and stop the process that's listening on port 9221 or configure this application to listen on another port.

2025-11-25T18:45:58.247+01:00  INFO 1820146 --- [main] o.s.v.b.OptionalValidatorFactoryBean     : Failed to set up a Bean Validation provider: jakarta.validation.NoProviderFoundException: Unable to create a Configuration, because no Jakarta Bean Validation provider could be found. Add a provider like Hibernate Validator (RI) to your classpath.
2025-11-25T18:45:58.634+01:00 DEBUG 1820146 --- [main] s.w.s.m.m.a.RequestMappingHandlerMapping : 23 mappings in 'requestMappingHandlerMapping'
2025-11-25T18:45:58.801+01:00  INFO 1820043 --- [main] o.s.b.a.e.web.EndpointLinksResolver      : Exposing 1 endpoint beneath base path '/actuator'
2025-11-25T18:45:58.855+01:00 DEBUG 1820146 --- [main] o.s.w.s.handler.SimpleUrlHandlerMapping  : Patterns [/webjars/**, /**, /swagger-ui*/*swagger-initializer.js, /swagger-ui*/**] in 'resourceHandlerMapping'
2025-11-25T18:45:58.926+01:00 DEBUG 1820146 --- [main] s.w.s.m.m.a.RequestMappingHandlerAdapter : ControllerAdvice beans: 0 @ModelAttribute, 0 @InitBinder, 1 RequestBodyAdvice, 1 ResponseBodyAdvice
2025-11-25T18:45:58.942+01:00  WARN 1820043 --- [main] ConfigServletWebServerApplicationContext : Exception encountered during context initialization - cancelling refresh attempt: org.springframework.context.ApplicationContextException: Failed to start bean 'webServerStartStop'
2025-11-25T18:45:59.005+01:00 DEBUG 1820146 --- [main] .m.m.a.ExceptionHandlerExceptionResolver : ControllerAdvice beans: 2 @ExceptionHandler, 1 ResponseBodyAdvice
2025-11-25T18:45:59.015+01:00  INFO 1820043 --- [main] .s.b.a.l.ConditionEvaluationReportLogger : 

Error starting ApplicationContext. To display the condition evaluation report re-run your application with 'debug' enabled.
2025-11-25T18:45:59.055+01:00 ERROR 1820043 --- [main] o.s.b.d.LoggingFailureAnalysisReporter   : 

***************************
APPLICATION FAILED TO START
***************************

Description:

Web server failed to start. Port 9221 was already in use.

Action:

Identify and stop the process that's listening on port 9221 or configure this application to listen on another port.

2025-11-25T18:45:59.367+01:00  INFO 1819922 --- [Thread-0] c.h.a.s.s.services.ArticleResource       : Completed reading English articles
2025-11-25T18:45:59.661+01:00  INFO 1820146 --- [main] o.s.b.a.e.web.EndpointLinksResolver      : Exposing 1 endpoint beneath base path '/actuator'
2025-11-25T18:45:59.721+01:00  INFO 1820043 --- [Thread-0] c.h.a.s.s.services.ArticleResource       : Completed reading English articles
2025-11-25T18:45:59.745+01:00  WARN 1820146 --- [main] ConfigServletWebServerApplicationContext : Exception encountered during context initialization - cancelling refresh attempt: org.springframework.context.ApplicationContextException: Failed to start bean 'webServerStartStop'
2025-11-25T18:45:59.773+01:00  INFO 1820146 --- [main] .s.b.a.l.ConditionEvaluationReportLogger : 

Error starting ApplicationContext. To display the condition evaluation report re-run your application with 'debug' enabled.
2025-11-25T18:45:59.797+01:00 ERROR 1820146 --- [main] o.s.b.d.LoggingFailureAnalysisReporter   : 

***************************
APPLICATION FAILED TO START
***************************

Description:

Web server failed to start. Port 9221 was already in use.

Action:

Identify and stop the process that's listening on port 9221 or configure this application to listen on another port.

2025-11-25T18:45:59.902+01:00  INFO 1820146 --- [Thread-0] c.h.a.s.s.services.ArticleResource       : Completed reading English articles
